2025-02-19 17:12:46 [info]: Server is running on port 3000
2025-02-19 17:12:55 [warn]: Route not found: GET /api/v1/test-error
2025-02-19 17:12:55 [error]: Request failed Can't find /api/v1/test-error on this server!
2025-02-19 17:12:55 [info]: GET /api/v1/test-error 404 8.990 ms - 1072
2025-02-19 18:06:37 [info]: Server is running on port 3000
2025-02-19 18:06:44 [warn]: Route not found: GET /
2025-02-19 18:06:44 [error]: Request failed Can't find / on this server!
2025-02-19 18:06:44 [info]: GET / 404 10.269 ms - 1316
2025-02-19 18:06:44 [warn]: Route not found: GET /favicon.ico
2025-02-19 18:06:44 [error]: Request failed Can't find /favicon.ico on this server!
2025-02-19 18:06:44 [info]: GET /favicon.ico 404 1.930 ms - 1338
2025-02-19 18:10:59 [warn]: Route not found: POST /auth/login
2025-02-19 18:10:59 [error]: Request failed Can't find /auth/login on this server!
2025-02-19 18:10:59 [info]: POST /auth/login 404 14.714 ms - 1336
2025-02-19 18:13:26 [info]: Server is running on port 3000
2025-02-19 18:15:48 [info]: Server is running on port 3000
2025-02-19 18:18:59 [info]: Server is running on port 3000
2025-02-19 18:40:17 [info]: Server is running on port 3000
2025-02-19 18:43:43 [info]: Server is running on port 3000
2025-02-19 20:22:08 [info]: Server is running on port 3000
2025-02-19 20:22:51 [warn]: Route not found: POST /api/v1/users
2025-02-19 20:22:51 [error]: Request failed Can't find /api/v1/users on this server!
2025-02-19 20:22:51 [info]: POST /api/v1/users 404 22.797 ms - 1062
2025-02-19 20:23:01 [error]: Request failed [
  {
    "code": "invalid_type",
    "expected": "string",
    "received": "undefined",
    "path": [
      "fullname"
    ],
    "message": "Required"
  },
  {
    "code": "invalid_type",
    "expected": "string",
    "received": "undefined",
    "path": [
      "username"
    ],
    "message": "Required"
  },
  {
    "code": "invalid_type",
    "expected": "string",
    "received": "undefined",
    "path": [
      "email"
    ],
    "message": "Required"
  },
  {
    "code": "invalid_type",
    "expected": "string",
    "received": "undefined",
    "path": [
      "password"
    ],
    "message": "Required"
  }
]
2025-02-19 20:23:01 [info]: POST /api/v1/users/register 500 6.404 ms - 2955
2025-02-19 20:23:27 [error]: Request failed [
  {
    "code": "invalid_type",
    "expected": "string",
    "received": "undefined",
    "path": [
      "username"
    ],
    "message": "Required"
  },
  {
    "code": "invalid_type",
    "expected": "string",
    "received": "undefined",
    "path": [
      "email"
    ],
    "message": "Required"
  },
  {
    "code": "invalid_type",
    "expected": "string",
    "received": "undefined",
    "path": [
      "password"
    ],
    "message": "Required"
  }
]
2025-02-19 20:23:27 [info]: POST /api/v1/users/register 500 2.610 ms - 2477
2025-02-19 20:26:29 [info]: Server is running on port 3000
2025-02-19 20:27:51 [info]: Server is running on port 3000
2025-02-19 20:27:58 [info]: Server is running on port 3000
2025-02-19 20:28:00 [info]: POST /api/v1/users/register 400 18.199 ms - 83
2025-02-19 20:28:00 [error]: Request failed [
  {
    "code": "invalid_type",
    "expected": "string",
    "received": "undefined",
    "path": [
      "username"
    ],
    "message": "Required"
  },
  {
    "code": "invalid_type",
    "expected": "string",
    "received": "undefined",
    "path": [
      "email"
    ],
    "message": "Required"
  },
  {
    "code": "invalid_type",
    "expected": "string",
    "received": "undefined",
    "path": [
      "password"
    ],
    "message": "Required"
  }
]
2025-02-19 20:29:02 [info]: Server is running on port 3000
2025-02-19 20:29:04 [info]: POST /api/v1/users/register 400 13.710 ms - 83
2025-02-19 20:30:32 [info]: POST /api/v1/users/register 400 1.820 ms - 118
2025-02-19 20:30:42 [error]: Request failed Access denied for user 'root'@'localhost' (using password: NO)
2025-02-19 20:30:42 [info]: POST /api/v1/users/register 500 42.390 ms - 1316
2025-02-19 20:32:56 [error]: Request failed Access denied for user 'root'@'localhost' (using password: NO)
2025-02-19 20:32:56 [info]: POST /api/v1/users/register 500 6.766 ms - 1316
2025-02-19 20:34:59 [error]: Request failed Access denied for user 'root'@'localhost' (using password: NO)
2025-02-19 20:34:59 [info]: POST /api/v1/users/register 500 4.540 ms - 1316
2025-02-19 20:35:20 [error]: Request failed Access denied for user 'root'@'localhost' (using password: NO)
2025-02-19 20:35:20 [info]: POST /api/v1/users/register 500 7.051 ms - 1316
2025-02-19 20:37:38 [error]: Request failed Access denied for user 'root'@'localhost' (using password: NO)
2025-02-19 20:37:38 [info]: POST /api/v1/users/register 500 8.509 ms - 1316
2025-02-19 20:41:07 [error]: Request failed Access denied for user 'root'@'localhost' (using password: NO)
2025-02-19 20:41:07 [info]: POST /api/v1/users/register 500 5.902 ms - 1316
2025-02-19 20:41:15 [info]: Server is running on port 3000
2025-02-19 20:41:15 [error]: Request failed Access denied for user 'root'@'localhost' (using password: NO)
2025-02-19 20:41:15 [info]: POST /api/v1/users/register 500 64.052 ms - 1316
2025-02-19 20:47:45 [error]: Request failed Access denied for user 'root'@'localhost' (using password: NO)
2025-02-19 20:47:45 [info]: POST /api/v1/users/register 500 10.591 ms - 1316
2025-02-19 20:49:20 [error]: Request failed Access denied for user 'root'@'localhost' (using password: NO)
2025-02-19 20:49:20 [info]: POST /api/v1/users/register 500 5.579 ms - 1316
2025-02-19 20:49:31 [info]: Server is running on port 3000
2025-02-19 20:49:32 [error]: Request failed Access denied for user 'root'@'localhost' (using password: NO)
2025-02-19 20:49:32 [info]: POST /api/v1/users/register 500 53.938 ms - 1316
2025-02-19 20:57:25 [error]: Request failed Access denied for user 'root'@'localhost' (using password: NO)
2025-02-19 20:57:25 [info]: POST /api/v1/users/register 500 7.980 ms - 1316
2025-02-19 21:00:04 [error]: Request failed Access denied for user 'root'@'localhost' (using password: NO)
2025-02-19 21:00:04 [info]: POST /api/v1/users/register 500 5.888 ms - 1316
2025-02-19 21:00:10 [error]: Request failed Access denied for user 'root'@'localhost' (using password: NO)
2025-02-19 21:00:10 [info]: POST /api/v1/users/register 500 3.986 ms - 1316
2025-02-19 21:06:07 [error]: Request failed Access denied for user 'root'@'localhost' (using password: NO)
2025-02-19 21:06:07 [info]: POST /api/v1/users/register 500 7.240 ms - 1316
2025-02-19 21:06:15 [info]: Server is running on port 3000
2025-02-19 21:06:17 [error]: Request failed Access denied for user 'root'@'localhost' (using password: NO)
2025-02-19 21:06:17 [info]: POST /api/v1/users/register 500 61.761 ms - 1316
2025-02-19 21:06:20 [error]: Request failed Access denied for user 'root'@'localhost' (using password: NO)
2025-02-19 21:06:20 [info]: POST /api/v1/users/register 500 5.943 ms - 1316
2025-02-19 21:10:24 [info]: Server is running on port 3000
2025-02-19 21:10:26 [error]: Request failed Access denied for user 'root'@'localhost' (using password: NO)
2025-02-19 21:10:26 [info]: POST /api/v1/users/register 500 50.805 ms - 1316
2025-02-19 21:10:26 [error]: Request failed Access denied for user 'root'@'localhost' (using password: NO)
2025-02-19 21:10:26 [info]: POST /api/v1/users/register 500 5.243 ms - 1316
2025-02-19 21:35:31 [info]: Server is running on port 3000
2025-02-19 21:35:49 [error]: Request failed Access denied for user 'root'@'localhost' (using password: NO)
2025-02-19 21:35:49 [info]: POST /api/v1/users/register 500 61.239 ms - 1316
2025-02-19 21:42:03 [info]: Server is running on port 3000
2025-02-19 21:42:15 [info]: POST /api/v1/users/register 201 150.710 ms - 73
2025-02-19 21:43:44 [info]: Server is running on port 3000
2025-02-19 21:44:03 [info]: Server is running on port 3000
2025-02-19 21:44:31 [info]: Server is running on port 3000
2025-02-19 21:44:31 [error]: Request failed Email already registered
2025-02-19 21:44:31 [info]: POST /api/v1/users/register 500 54.168 ms - 445
2025-02-19 21:44:36 [error]: Request failed Username already taken
2025-02-19 21:44:36 [info]: POST /api/v1/users/register 500 5.232 ms - 441
2025-02-19 21:44:41 [info]: POST /api/v1/users/register 201 65.345 ms - 73
2025-02-19 21:47:21 [info]: Server is running on port 3000
2025-02-19 21:47:34 [error]: Request failed insert into `users` (`email`, `fullname`, `id`, `password`, `username`) values ('john2@example.com', 'john', '2c748cf7-903f-4801-90bc-1b65047c0921', '$2b$10$WQvFeNdzgQ.dlu9ePHwXjes/7cUchuuO.bng1ozTIEECyryUxGPnm', 'john2') - Data truncated for column 'id' at row 1
2025-02-19 21:47:34 [info]: POST /api/v1/users/register 500 109.251 ms - 1912
2025-02-19 21:51:57 [info]: Server is running on port 3000
2025-02-19 21:52:05 [info]: POST /api/v1/users/register 201 121.091 ms - 110
2025-02-19 21:53:21 [info]: Server is running on port 3000
2025-02-19 21:53:39 [info]: POST /api/v1/users/register 201 112.500 ms - 149
2025-02-19 21:56:22 [info]: Server is running on port 3000
2025-02-19 21:59:09 [info]: Server is running on port 3000
2025-02-19 22:19:27 [info]: Server is running on port 3000
2025-02-19 22:19:36 [info]: POST /api/v1/users/register 400 13.935 ms - 113
2025-02-19 22:21:36 [info]: Server is running on port 3000
2025-02-19 22:21:43 [info]: POST /api/v1/users/register 400 12.795 ms - 113
2025-02-19 22:23:18 [info]: Server is running on port 3000
2025-02-19 22:24:31 [info]: Server is running on port 3000
2025-02-19 22:25:04 [info]: POST /api/v1/users/register 400 14.463 ms - 113
2025-02-19 22:25:08 [info]: POST /api/v1/users/register 201 109.809 ms - 149
2025-02-19 22:30:45 [info]: Server is running on port 3000
2025-02-19 22:32:07 [error]: Request failed Invalid email or password
2025-02-19 22:32:07 [info]: POST /api/v1/users/login 401 52.753 ms - 466
2025-02-19 22:33:58 [error]: Request failed Invalid email or password
2025-02-19 22:33:58 [info]: POST /api/v1/users/login 401 4.721 ms - 466
2025-02-19 22:35:28 [info]: POST /api/v1/users/login 400 1.603 ms - 113
2025-02-19 22:37:59 [info]: Server is running on port 3000
2025-02-19 22:38:00 [info]: POST /api/v1/users/login 400 14.756 ms - 113
2025-02-19 22:38:05 [error]: Request failed Invalid email or password
2025-02-19 22:38:05 [info]: POST /api/v1/users/login 401 43.694 ms - 466
2025-02-19 22:38:41 [info]: POST /api/v1/users/login 200 62.321 ms - 416
2025-02-19 22:43:39 [info]: Server is running on port 3000
2025-02-19 22:43:44 [info]: POST /api/v1/users/login 401 109.504 ms - 136
2025-02-19 22:43:53 [info]: POST /api/v1/users/login 200 61.269 ms - 416
2025-02-19 22:43:56 [info]: POST /api/v1/users/login 200 59.205 ms - 416
2025-02-19 22:43:57 [info]: POST /api/v1/users/login 200 59.065 ms - 416
2025-02-19 22:49:23 [info]: Server is running on port 3000
2025-02-19 22:49:29 [info]: POST /api/v1/users/login 200 107.696 ms - 316
2025-02-19 22:49:57 [info]: Server is running on port 3000
2025-02-19 22:50:00 [error]: Request failed Email already registered
2025-02-19 22:50:00 [info]: POST /api/v1/users/register 500 53.734 ms - 445
2025-02-19 22:50:04 [info]: POST /api/v1/users/login 200 62.606 ms - 416
2025-02-19 22:50:22 [error]: Request failed Email already registered
2025-02-19 22:50:22 [info]: POST /api/v1/users/register 500 4.197 ms - 445
2025-02-19 22:51:16 [error]: Request failed Username already taken
2025-02-19 22:51:16 [info]: POST /api/v1/users/register 500 4.065 ms - 441
2025-02-19 22:53:20 [info]: Server is running on port 3000
2025-02-19 22:55:22 [info]: Server is running on port 3000
2025-02-19 22:56:45 [info]: Server is running on port 3000
2025-02-19 22:57:13 [info]: Server is running on port 3000
2025-02-19 22:57:27 [info]: Server is running on port 3000
2025-02-19 22:57:30 [info]: POST /api/v1/users/register 409 56.697 ms - 126
2025-02-19 22:57:39 [info]: POST /api/v1/users/register 409 2.836 ms - 126
2025-02-19 22:57:49 [info]: POST /api/v1/users/register 409 3.040 ms - 126
2025-02-19 23:01:07 [info]: Server is running on port 3000
2025-02-19 23:01:07 [info]: POST /api/v1/users/register 409 54.030 ms - 115
2025-02-19 23:01:09 [info]: POST /api/v1/users/register 409 2.704 ms - 115
2025-02-19 23:01:15 [info]: POST /api/v1/users/register 409 3.013 ms - 112
2025-02-19 23:01:59 [info]: Server is running on port 3000
2025-02-19 23:01:59 [info]: POST /api/v1/users/register 409 49.339 ms - 128
2025-02-19 23:02:00 [info]: POST /api/v1/users/register 409 4.544 ms - 128
2025-02-19 23:02:04 [info]: POST /api/v1/users/register 409 2.852 ms - 134
2025-02-19 23:02:08 [info]: POST /api/v1/users/register 409 2.376 ms - 128
2025-02-19 23:02:27 [info]: Server is running on port 3000
2025-02-19 23:04:14 [info]: Server is running on port 3000
2025-02-19 23:04:22 [info]: Server is running on port 3000
2025-02-19 23:18:50 [info]: Server is running on port 3000
2025-02-19 23:19:18 [error]: Request failed Cannot read properties of undefined (reading 'id')
2025-02-19 23:19:18 [info]: POST /api/v1/users/register 500 121.400 ms - 508
2025-02-19 23:19:34 [info]: POST /api/v1/users/register 409 2.745 ms - 127
2025-02-19 23:19:55 [info]: POST /api/v1/users/register 201 61.797 ms - 149
2025-02-19 23:20:04 [error]: Request failed secretOrPrivateKey must have a value
2025-02-19 23:20:04 [info]: POST /api/v1/users/login 500 63.646 ms - 975
2025-02-19 23:20:07 [error]: Request failed secretOrPrivateKey must have a value
2025-02-19 23:20:07 [info]: POST /api/v1/users/login 500 60.436 ms - 975
2025-02-19 23:20:08 [error]: Request failed secretOrPrivateKey must have a value
2025-02-19 23:20:08 [info]: POST /api/v1/users/login 500 59.616 ms - 975
2025-02-19 23:20:08 [error]: Request failed secretOrPrivateKey must have a value
2025-02-19 23:20:08 [info]: POST /api/v1/users/login 500 58.878 ms - 975
2025-02-19 23:20:24 [error]: Request failed secretOrPrivateKey must have a value
2025-02-19 23:20:24 [info]: POST /api/v1/users/login 500 58.808 ms - 975
2025-02-19 23:20:24 [error]: Request failed secretOrPrivateKey must have a value
2025-02-19 23:20:24 [info]: POST /api/v1/users/login 500 60.304 ms - 975
2025-02-19 23:21:07 [error]: Request failed secretOrPrivateKey must have a value
2025-02-19 23:21:07 [info]: POST /api/v1/users/login 500 59.292 ms - 975
2025-02-19 23:23:29 [info]: Server is running on port 3000
2025-02-19 23:23:36 [error]: Request failed Cannot read properties of undefined (reading 'id')
2025-02-19 23:23:36 [info]: POST /api/v1/users/register 500 116.942 ms - 508
2025-02-19 23:23:46 [info]: POST /api/v1/users/login 200 66.355 ms - 617
2025-02-19 23:24:44 [info]: Server is running on port 3000
2025-02-19 23:25:48 [info]: Server is running on port 3000
2025-02-19 23:26:31 [info]: Server is running on port 3000
2025-02-19 23:27:00 [warn]: Route not found: POST /auth/refresh-token
2025-02-19 23:27:00 [error]: Request failed Can't find /auth/refresh-token on this server!
2025-02-19 23:27:00 [info]: POST /auth/refresh-token 404 21.127 ms - 1352
2025-02-19 23:27:25 [warn]: Route not found: POST /api/v1/auth/refresh-token
2025-02-19 23:27:25 [error]: Request failed Can't find /api/v1/auth/refresh-token on this server!
2025-02-19 23:27:25 [info]: POST /api/v1/auth/refresh-token 404 3.454 ms - 1327
2025-02-19 23:28:37 [info]: POST /api/v1/users/refresh-token 200 62.575 ms - 629
2025-02-19 23:28:41 [info]: POST /api/v1/users/refresh-token 401 5.310 ms - 69
2025-02-19 23:28:43 [info]: POST /api/v1/users/refresh-token 401 3.082 ms - 69
2025-02-19 23:29:16 [info]: POST /api/v1/users/refresh-token 200 16.996 ms - 629
2025-02-19 23:29:38 [info]: POST /api/v1/users/logout 200 3.798 ms - 60
2025-02-19 23:30:23 [info]: POST /api/v1/users/logout 200 6.064 ms - 60
2025-02-19 23:30:34 [info]: POST /api/v1/users/refresh-token 401 4.288 ms - 69
2025-02-19 23:31:03 [info]: POST /api/v1/users/login 200 65.428 ms - 617
2025-02-19 23:31:35 [info]: POST /api/v1/users/refresh-token 200 13.657 ms - 629
2025-02-19 23:36:19 [info]: Server is running on port 3000
2025-02-19 23:37:19 [info]: Server is running on port 3000
2025-02-19 23:41:12 [info]: Server is running on port 3000
2025-02-19 23:41:14 [info]: POST /api/v1/users/refresh-token 401 13.904 ms - 65
2025-02-19 23:41:21 [info]: POST /api/v1/users/logout 400 2.926 ms - 117
2025-02-19 23:41:22 [info]: POST /api/v1/users/logout 400 0.652 ms - 117
2025-02-19 23:41:31 [info]: POST /api/v1/users/logout 400 0.931 ms - 117
2025-02-19 23:42:22 [info]: POST /api/v1/users/logout 200 50.663 ms - 60
2025-02-19 23:42:32 [info]: POST /api/v1/users/refresh-token 401 0.534 ms - 65
2025-02-19 23:43:42 [info]: Server is running on port 3000
2025-02-19 23:43:51 [info]: Server is running on port 3000
2025-02-19 23:44:27 [info]: POST /api/v1/users/refresh-token 401 15.439 ms - 65
2025-02-19 23:44:28 [info]: POST /api/v1/users/refresh-token 401 1.121 ms - 65
2025-02-19 23:45:28 [info]: POST /api/v1/users/login 200 111.030 ms - 617
2025-02-19 23:45:50 [info]: POST /api/v1/users/refresh-token 401 0.597 ms - 65
2025-02-19 23:45:54 [info]: POST /api/v1/users/refresh-token 401 5.480 ms - 69
2025-02-19 23:46:23 [info]: POST /api/v1/users/logout 200 4.822 ms - 60
